# JRE version: OpenJDK Runtime Environment (17.0.11) (build 17.0.11+0--11852314)
# Java VM: OpenJDK 64-Bit Server VM (17.0.11+0--11852314, mixed mode, tiered, compressed oops, compressed class ptrs, g1 gc, windows-amd64)
GC Precious Log:
 CPUs: 8 total, 8 available
 Memory: 8070M
 Large Page Support: Disabled
 NUMA Support: Disabled
 Compressed Oops: Enabled (32-bit)
 Heap Region Size: 1M
 Heap Min Capacity: 8M
 Heap Initial Capacity: 128M
 Heap Max Capacity: 2G
 Pre-touch: Disabled
 Parallel Workers: 8
 Concurrent Workers: 2
 Concurrent Refinement Workers: 8
 Periodic GC: Disabled
Heap:
 garbage-first heap   total 504832K, used 212522K [0x0000000080000000, 0x0000000100000000)
  region size 1024K, 8 young (8192K), 8 survivors (8192K)
 Metaspace       used 177277K, committed 178432K, reserved 1245184K
  class space    used 23905K, committed 24448K, reserved 1048576K
GC Heap History (20 events):
Event: 128.721 GC heap after
{Heap after GC invocations=61 (full 0):
 garbage-first heap   total 504832K, used 237933K [0x0000000080000000, 0x0000000100000000)
  region size 1024K, 2 young (2048K), 2 survivors (2048K)
 Metaspace       used 117299K, committed 118208K, reserved 1179648K
  class space    used 16508K, committed 16960K, reserved 1048576K
}
Event: 195.921 GC heap before
{Heap before GC invocations=61 (full 0):
 garbage-first heap   total 504832K, used 247149K [0x0000000080000000, 0x0000000100000000)
  region size 1024K, 12 young (12288K), 2 survivors (2048K)
 Metaspace       used 117419K, committed 118272K, reserved 1179648K
  class space    used 16536K, committed 16960K, reserved 1048576K
}
Event: 195.975 GC heap after
{Heap after GC invocations=62 (full 0):
 garbage-first heap   total 504832K, used 237221K [0x0000000080000000, 0x0000000100000000)
  region size 1024K, 1 young (1024K), 1 survivors (1024K)
 Metaspace       used 117419K, committed 118272K, reserved 1179648K
  class space    used 16536K, committed 16960K, reserved 1048576K
}
Event: 199.316 GC heap before
{Heap before GC invocations=63 (full 0):
 garbage-first heap   total 504832K, used 265893K [0x0000000080000000, 0x0000000100000000)
  region size 1024K, 84 young (86016K), 1 survivors (1024K)
 Metaspace       used 121787K, committed 122816K, reserved 1179648K
  class space    used 17089K, committed 17600K, reserved 1048576K
}
Event: 199.348 GC heap after
{Heap after GC invocations=64 (full 0):
 garbage-first heap   total 504832K, used 190391K [0x0000000080000000, 0x0000000100000000)
  region size 1024K, 11 young (11264K), 11 survivors (11264K)
 Metaspace       used 121787K, committed 122816K, reserved 1179648K
  class space    used 17089K, committed 17600K, reserved 1048576K
}
Event: 199.662 GC heap before
{Heap before GC invocations=64 (full 0):
 garbage-first heap   total 504832K, used 203703K [0x0000000080000000, 0x0000000100000000)
  region size 1024K, 24 young (24576K), 11 survivors (11264K)
 Metaspace       used 124383K, committed 125376K, reserved 1179648K
  class space    used 17677K, committed 18176K, reserved 1048576K
}
Event: 199.687 GC heap after
{Heap after GC invocations=65 (full 0):
 garbage-first heap   total 504832K, used 166318K [0x0000000080000000, 0x0000000100000000)
  region size 1024K, 1 young (1024K), 1 survivors (1024K)
 Metaspace       used 124383K, committed 125376K, reserved 1179648K
  class space    used 17677K, committed 18176K, reserved 1048576K
}
Event: 201.088 GC heap before
{Heap before GC invocations=65 (full 0):
 garbage-first heap   total 504832K, used 241070K [0x0000000080000000, 0x0000000100000000)
  region size 1024K, 75 young (76800K), 1 survivors (1024K)
 Metaspace       used 135272K, committed 136384K, reserved 1179648K
  class space    used 19286K, committed 19776K, reserved 1048576K
}
Event: 201.096 GC heap after
{Heap after GC invocations=66 (full 0):
 garbage-first heap   total 504832K, used 167943K [0x0000000080000000, 0x0000000100000000)
  region size 1024K, 3 young (3072K), 3 survivors (3072K)
 Metaspace       used 135272K, committed 136384K, reserved 1179648K
  class space    used 19286K, committed 19776K, reserved 1048576K
}
Event: 204.452 GC heap before
{Heap before GC invocations=67 (full 0):
 garbage-first heap   total 504832K, used 372743K [0x0000000080000000, 0x0000000100000000)
  region size 1024K, 190 young (194560K), 3 survivors (3072K)
 Metaspace       used 145489K, committed 146560K, reserved 1179648K
  class space    used 20326K, committed 20864K, reserved 1048576K
}
Event: 204.584 GC heap after
{Heap after GC invocations=68 (full 0):
 garbage-first heap   total 504832K, used 208647K [0x0000000080000000, 0x0000000100000000)
  region size 1024K, 24 young (24576K), 24 survivors (24576K)
 Metaspace       used 145489K, committed 146560K, reserved 1179648K
  class space    used 20326K, committed 20864K, reserved 1048576K
}
Event: 204.611 GC heap before
{Heap before GC invocations=68 (full 0):
 garbage-first heap   total 504832K, used 209671K [0x0000000080000000, 0x0000000100000000)
  region size 1024K, 25 young (25600K), 24 survivors (24576K)
 Metaspace       used 145629K, committed 146688K, reserved 1179648K
  class space    used 20343K, committed 20864K, reserved 1048576K
}
Event: 204.692 GC heap after
{Heap after GC invocations=69 (full 0):
 garbage-first heap   total 504832K, used 201005K [0x0000000080000000, 0x0000000100000000)
  region size 1024K, 3 young (3072K), 3 survivors (3072K)
 Metaspace       used 145629K, committed 146688K, reserved 1179648K
  class space    used 20343K, committed 20864K, reserved 1048576K
}
Event: 206.508 GC heap before
{Heap before GC invocations=69 (full 0):
 garbage-first heap   total 504832K, used 291117K [0x0000000080000000, 0x0000000100000000)
  region size 1024K, 92 young (94208K), 3 survivors (3072K)
 Metaspace       used 156220K, committed 157312K, reserved 1245184K
  class space    used 21653K, committed 22144K, reserved 1048576K
}
Event: 206.532 GC heap after
{Heap after GC invocations=70 (full 0):
 garbage-first heap   total 504832K, used 202801K [0x0000000080000000, 0x0000000100000000)
  region size 1024K, 5 young (5120K), 5 survivors (5120K)
 Metaspace       used 156220K, committed 157312K, reserved 1245184K
  class space    used 21653K, committed 22144K, reserved 1048576K
}
Event: 210.172 GC heap before
{Heap before GC invocations=71 (full 0):
 garbage-first heap   total 504832K, used 380977K [0x0000000080000000, 0x0000000100000000)
  region size 1024K, 179 young (183296K), 5 survivors (5120K)
 Metaspace       used 173637K, committed 174720K, reserved 1245184K
  class space    used 23535K, committed 24064K, reserved 1048576K
}
Event: 210.222 GC heap after
{Heap after GC invocations=72 (full 0):
 garbage-first heap   total 504832K, used 210885K [0x0000000080000000, 0x0000000100000000)
  region size 1024K, 13 young (13312K), 13 survivors (13312K)
 Metaspace       used 173637K, committed 174720K, reserved 1245184K
  class space    used 23535K, committed 24064K, reserved 1048576K
}
Event: 210.433 GC heap before
{Heap before GC invocations=72 (full 0):
 garbage-first heap   total 504832K, used 221125K [0x0000000080000000, 0x0000000100000000)
  region size 1024K, 24 young (24576K), 13 survivors (13312K)
 Metaspace       used 175158K, committed 176256K, reserved 1245184K
  class space    used 23678K, committed 24192K, reserved 1048576K
}
Event: 210.495 GC heap after
{Heap after GC invocations=73 (full 0):
 garbage-first heap   total 504832K, used 206803K [0x0000000080000000, 0x0000000100000000)
  region size 1024K, 2 young (2048K), 2 survivors (2048K)
 Metaspace       used 175158K, committed 176256K, reserved 1245184K
  class space    used 23678K, committed 24192K, reserved 1048576K
}
Event: 212.389 GC heap before
{Heap before GC invocations=73 (full 0):
 garbage-first heap   total 504832K, used 259027K [0x0000000080000000, 0x0000000100000000)
  region size 1024K, 54 young (55296K), 2 survivors (2048K)
 Metaspace       used 177277K, committed 178432K, reserved 1245184K
  class space    used 23905K, committed 24448K, reserved 1048576K
}

