# JRE version: OpenJDK Runtime Environment (17.0.11) (build 17.0.11+0--11852314)
# Java VM: OpenJDK 64-Bit Server VM (17.0.11+0--11852314, mixed mode, tiered, compressed oops, compressed class ptrs, g1 gc, windows-amd64)
GC Precious Log:
 CPUs: 8 total, 8 available
 Memory: 8070M
 Large Page Support: Disabled
 NUMA Support: Disabled
 Compressed Oops: Enabled (32-bit)
 Heap Region Size: 1M
 Heap Min Capacity: 8M
 Heap Initial Capacity: 128M
 Heap Max Capacity: 2018M
 Pre-touch: Disabled
 Parallel Workers: 8
 Concurrent Workers: 2
 Concurrent Refinement Workers: 8
 Periodic GC: Disabled
Heap:
 garbage-first heap   total 96256K, used 34769K [0x0000000081e00000, 0x0000000100000000)
  region size 1024K, 3 young (3072K), 3 survivors (3072K)
 Metaspace       used 52878K, committed 53120K, reserved 1114112K
  class space    used 6288K, committed 6400K, reserved 1048576K
GC Heap History (20 events):
Event: 5.032 GC heap after
{Heap after GC invocations=5 (full 0):
 garbage-first heap   total 40960K, used 11563K [0x0000000081e00000, 0x0000000100000000)
  region size 1024K, 1 young (1024K), 1 survivors (1024K)
 Metaspace       used 28434K, committed 28608K, reserved 1114112K
  class space    used 3517K, committed 3584K, reserved 1048576K
}
Event: 5.583 GC heap before
{Heap before GC invocations=5 (full 0):
 garbage-first heap   total 40960K, used 33067K [0x0000000081e00000, 0x0000000100000000)
  region size 1024K, 20 young (20480K), 1 survivors (1024K)
 Metaspace       used 30820K, committed 30976K, reserved 1114112K
  class space    used 3977K, committed 4032K, reserved 1048576K
}
Event: 5.598 GC heap after
{Heap after GC invocations=6 (full 0):
 garbage-first heap   total 40960K, used 17765K [0x0000000081e00000, 0x0000000100000000)
  region size 1024K, 3 young (3072K), 3 survivors (3072K)
 Metaspace       used 30820K, committed 30976K, reserved 1114112K
  class space    used 3977K, committed 4032K, reserved 1048576K
}
Event: 6.021 GC heap before
{Heap before GC invocations=6 (full 0):
 garbage-first heap   total 40960K, used 30053K [0x0000000081e00000, 0x0000000100000000)
  region size 1024K, 16 young (16384K), 3 survivors (3072K)
 Metaspace       used 34151K, committed 34432K, reserved 1114112K
  class space    used 4343K, committed 4480K, reserved 1048576K
}
Event: 6.032 GC heap after
{Heap after GC invocations=7 (full 0):
 garbage-first heap   total 40960K, used 17299K [0x0000000081e00000, 0x0000000100000000)
  region size 1024K, 2 young (2048K), 2 survivors (2048K)
 Metaspace       used 34151K, committed 34432K, reserved 1114112K
  class space    used 4343K, committed 4480K, reserved 1048576K
}
Event: 6.309 GC heap before
{Heap before GC invocations=7 (full 0):
 garbage-first heap   total 40960K, used 25491K [0x0000000081e00000, 0x0000000100000000)
  region size 1024K, 11 young (11264K), 2 survivors (2048K)
 Metaspace       used 35898K, committed 36096K, reserved 1114112K
  class space    used 4534K, committed 4672K, reserved 1048576K
}
Event: 6.315 GC heap after
{Heap after GC invocations=8 (full 0):
 garbage-first heap   total 40960K, used 18671K [0x0000000081e00000, 0x0000000100000000)
  region size 1024K, 2 young (2048K), 2 survivors (2048K)
 Metaspace       used 35898K, committed 36096K, reserved 1114112K
  class space    used 4534K, committed 4672K, reserved 1048576K
}
Event: 6.656 GC heap before
{Heap before GC invocations=9 (full 0):
 garbage-first heap   total 40960K, used 29935K [0x0000000081e00000, 0x0000000100000000)
  region size 1024K, 14 young (14336K), 2 survivors (2048K)
 Metaspace       used 38396K, committed 38592K, reserved 1114112K
  class space    used 4765K, committed 4864K, reserved 1048576K
}
Event: 6.663 GC heap after
{Heap after GC invocations=10 (full 0):
 garbage-first heap   total 40960K, used 19880K [0x0000000081e00000, 0x0000000100000000)
  region size 1024K, 2 young (2048K), 2 survivors (2048K)
 Metaspace       used 38396K, committed 38592K, reserved 1114112K
  class space    used 4765K, committed 4864K, reserved 1048576K
}
Event: 6.680 GC heap before
{Heap before GC invocations=10 (full 0):
 garbage-first heap   total 40960K, used 20904K [0x0000000081e00000, 0x0000000100000000)
  region size 1024K, 3 young (3072K), 2 survivors (2048K)
 Metaspace       used 38557K, committed 38720K, reserved 1114112K
  class space    used 4772K, committed 4864K, reserved 1048576K
}
Event: 6.684 GC heap after
{Heap after GC invocations=11 (full 0):
 garbage-first heap   total 62464K, used 19137K [0x0000000081e00000, 0x0000000100000000)
  region size 1024K, 1 young (1024K), 1 survivors (1024K)
 Metaspace       used 38557K, committed 38720K, reserved 1114112K
  class space    used 4772K, committed 4864K, reserved 1048576K
}
Event: 7.775 GC heap before
{Heap before GC invocations=11 (full 0):
 garbage-first heap   total 62464K, used 45761K [0x0000000081e00000, 0x0000000100000000)
  region size 1024K, 27 young (27648K), 1 survivors (1024K)
 Metaspace       used 45306K, committed 45568K, reserved 1114112K
  class space    used 5534K, committed 5632K, reserved 1048576K
}
Event: 7.784 GC heap after
{Heap after GC invocations=12 (full 0):
 garbage-first heap   total 62464K, used 20965K [0x0000000081e00000, 0x0000000100000000)
  region size 1024K, 3 young (3072K), 3 survivors (3072K)
 Metaspace       used 45306K, committed 45568K, reserved 1114112K
  class space    used 5534K, committed 5632K, reserved 1048576K
}
Event: 8.989 GC heap before
{Heap before GC invocations=12 (full 0):
 garbage-first heap   total 62464K, used 47589K [0x0000000081e00000, 0x0000000100000000)
  region size 1024K, 28 young (28672K), 3 survivors (3072K)
 Metaspace       used 50608K, committed 50816K, reserved 1114112K
  class space    used 6173K, committed 6272K, reserved 1048576K
}
Event: 9.007 GC heap after
{Heap after GC invocations=13 (full 0):
 garbage-first heap   total 62464K, used 26661K [0x0000000081e00000, 0x0000000100000000)
  region size 1024K, 4 young (4096K), 4 survivors (4096K)
 Metaspace       used 50608K, committed 50816K, reserved 1114112K
  class space    used 6173K, committed 6272K, reserved 1048576K
}
Event: 9.184 GC heap before
{Heap before GC invocations=13 (full 0):
 garbage-first heap   total 62464K, used 47141K [0x0000000081e00000, 0x0000000100000000)
  region size 1024K, 24 young (24576K), 4 survivors (4096K)
 Metaspace       used 50721K, committed 50944K, reserved 1114112K
  class space    used 6173K, committed 6272K, reserved 1048576K
}
Event: 9.200 GC heap after
{Heap after GC invocations=14 (full 0):
 garbage-first heap   total 62464K, used 28392K [0x0000000081e00000, 0x0000000100000000)
  region size 1024K, 2 young (2048K), 2 survivors (2048K)
 Metaspace       used 50721K, committed 50944K, reserved 1114112K
  class space    used 6173K, committed 6272K, reserved 1048576K
}
Event: 10.161 GC heap before
{Heap before GC invocations=14 (full 0):
 garbage-first heap   total 62464K, used 47848K [0x0000000081e00000, 0x0000000100000000)
  region size 1024K, 21 young (21504K), 2 survivors (2048K)
 Metaspace       used 52198K, committed 52416K, reserved 1114112K
  class space    used 6273K, committed 6400K, reserved 1048576K
}
Event: 10.184 GC heap after
{Heap after GC invocations=15 (full 0):
 garbage-first heap   total 62464K, used 31647K [0x0000000081e00000, 0x0000000100000000)
  region size 1024K, 3 young (3072K), 3 survivors (3072K)
 Metaspace       used 52198K, committed 52416K, reserved 1114112K
  class space    used 6273K, committed 6400K, reserved 1048576K
}
Event: 11.151 GC heap before
{Heap before GC invocations=15 (full 0):
 garbage-first heap   total 62464K, used 48031K [0x0000000081e00000, 0x0000000100000000)
  region size 1024K, 19 young (19456K), 3 survivors (3072K)
 Metaspace       used 52878K, committed 53120K, reserved 1114112K
  class space    used 6288K, committed 6400K, reserved 1048576K
}

